<?xml version="1.0" encoding="UTF-8"?>
<!-- Generated by org.testng.reporters.JUnitXMLReporter -->
<testsuite ignored="0" hostname="AMIT_PC" failures="4" tests="28" name="Test" time="143.241" errors="0" timestamp="2024-11-10T19:10:57 IST">
  <testcase classname="tests.user.PutTests" name="PutUserTestMethod1" time="7.921"/>
  <testcase classname="tests.user.PutTests" name="PutUserTestMethod2" time="4.668"/>
  <testcase classname="tests.user.PutTests" name="PutUserTestMethod3" time="5.658"/>
  <testcase classname="tests.user.PutTests" name="PutUserTestMethod4" time="3.916"/>
  <testcase classname="tests.user.PutTests" name="PutUserTestMethod5" time="10.585"/>
  <testcase classname="tests.user.PutTests" name="PutUserTestMethod6" time="7.158"/>
  <testcase classname="tests.user.PutTests" name="PutUserTestMethod7" time="4.501"/>
  <testcase classname="tests.user.GetTests" name="GetUserTestMethod1" time="6.028">
    <failure type="java.lang.AssertionError" message="Assertion 1">
      <![CDATA[java.lang.AssertionError: Assertion 1
at org.hamcrest.MatcherAssert.assertThat(MatcherAssert.java:26)
at tests.user.GetTests.GetUserTestMethod1(GetTests.java:58)
at java.base/java.util.ArrayList.forEach(ArrayList.java:1597)
... Removed 25 stack frames]]>
    </failure>
  </testcase> <!-- GetUserTestMethod1 -->
  <testcase classname="tests.user.GetTests" name="GetUserTestMethod2" time="5.914">
    <failure type="java.lang.AssertionError" message="
Expected: is &amp;lt;200&amp;gt;
     but: was &amp;lt;404&amp;gt;">
      <![CDATA[java.lang.AssertionError: 
Expected: is <200>
     but: was <404>
at org.hamcrest.MatcherAssert.assertThat(MatcherAssert.java:20)
at org.hamcrest.MatcherAssert.assertThat(MatcherAssert.java:6)
at tests.user.GetTests.GetUserTestMethod2(GetTests.java:67)
at java.base/java.util.ArrayList.forEach(ArrayList.java:1597)
... Removed 25 stack frames]]>
    </failure>
  </testcase> <!-- GetUserTestMethod2 -->
  <testcase classname="tests.user.GetTests" name="GetUserTestMethod3" time="6.058"/>
  <testcase classname="tests.user.GetTests" name="GetUserTestMethod4" time="4.569"/>
  <testcase classname="tests.user.GetTests" name="GetUserTestMethod5" time="4.587"/>
  <testcase classname="tests.user.GetTests" name="GetUserTestMethod6" time="7.23"/>
  <testcase classname="tests.user.GetTests" name="GetUserTestMethod7" time="5.132"/>
  <testcase classname="tests.user.PostTests" name="PostUserTestMethod1" time="2.582"/>
  <testcase classname="tests.user.PostTests" name="PostUserTestMethod2" time="1.509"/>
  <testcase classname="tests.user.PostTests" name="PostUserTestMethod3" time="2.388"/>
  <testcase classname="tests.user.PostTests" name="PostUserTestMethod4" time="2.257"/>
  <testcase classname="tests.user.PostTests" name="PostUserTestMethod5" time="2.184"/>
  <testcase classname="tests.user.PostTests" name="PostUserTestMethod6" time="2.224"/>
  <testcase classname="tests.user.PostTests" name="PostUserTestMethod7" time="2.533"/>
  <testcase classname="tests.user.DeleteTests" name="DeleteUserTestMethod1" time="5.669">
    <failure type="java.lang.AssertionError" message="Assertion 1">
      <![CDATA[java.lang.AssertionError: Assertion 1
at org.hamcrest.MatcherAssert.assertThat(MatcherAssert.java:26)
at tests.user.DeleteTests.DeleteUserTestMethod1(DeleteTests.java:55)
at java.base/java.util.ArrayList.forEach(ArrayList.java:1597)
... Removed 25 stack frames]]>
    </failure>
  </testcase> <!-- DeleteUserTestMethod1 -->
  <testcase classname="tests.user.DeleteTests" name="DeleteUserTestMethod2" time="8.676"/>
  <testcase classname="tests.user.DeleteTests" name="DeleteUserTestMethod3" time="6.113"/>
  <testcase classname="tests.user.DeleteTests" name="DeleteUserTestMethod4" time="4.848"/>
  <testcase classname="tests.user.DeleteTests" name="DeleteUserTestMethod5" time="6.9">
    <failure type="java.lang.IllegalArgumentException" message="Schema to use cannot be null">
      <![CDATA[java.lang.IllegalArgumentException: Schema to use cannot be null
at io.restassured.module.jsv.JsonSchemaValidator.validateSchemaIsNotNull(JsonSchemaValidator.java:270)
at io.restassured.module.jsv.JsonSchemaValidator.access$300(JsonSchemaValidator.java:75)
at io.restassured.module.jsv.JsonSchemaValidator$JsonSchemaValidatorFactory.create(JsonSchemaValidator.java:281)
at io.restassured.module.jsv.JsonSchemaValidator.matchesJsonSchema(JsonSchemaValidator.java:166)
at io.restassured.module.jsv.JsonSchemaValidator.matchesJsonSchemaInClasspath(JsonSchemaValidator.java:117)
at tests.user.DeleteTests.DeleteUserTestMethod5(DeleteTests.java:102)
at java.base/java.util.ArrayList.forEach(ArrayList.java:1597)
... Removed 25 stack frames]]>
    </failure>
  </testcase> <!-- DeleteUserTestMethod5 -->
  <testcase classname="tests.user.DeleteTests" name="DeleteUserTestMethod6" time="6.627"/>
  <testcase classname="tests.user.DeleteTests" name="DeleteUserTestMethod7" time="3.613"/>
</testsuite> <!-- Test -->
